
> materio-mui-nextjs-admin-template@5.0.0 build C:\laragon\www\materionextjs\typescript-version\full-version
> next build

   ▲ Next.js 15.1.2
   - Environments: .env.local, .env

   Creating an optimized production build ...
 ⚠ Compiled with warnings

./node_modules/.pnpm/@opentelemetry+instrumentat_04f370d515cee0be955272f826166073/node_modules/@opentelemetry/instrumentation/build/esm/platform/node/instrumentation.js
Critical dependency: the request of a dependency is an expression

Import trace for requested module:
./node_modules/.pnpm/@opentelemetry+instrumentat_04f370d515cee0be955272f826166073/node_modules/@opentelemetry/instrumentation/build/esm/platform/node/instrumentation.js
./node_modules/.pnpm/@opentelemetry+instrumentat_04f370d515cee0be955272f826166073/node_modules/@opentelemetry/instrumentation/build/esm/platform/node/index.js
./node_modules/.pnpm/@opentelemetry+instrumentat_04f370d515cee0be955272f826166073/node_modules/@opentelemetry/instrumentation/build/esm/platform/index.js
./node_modules/.pnpm/@opentelemetry+instrumentat_04f370d515cee0be955272f826166073/node_modules/@opentelemetry/instrumentation/build/esm/index.js
./node_modules/.pnpm/@sentry+node@8.55.0/node_modules/@sentry/node/build/cjs/integrations/node-fetch.js
./node_modules/.pnpm/@sentry+node@8.55.0/node_modules/@sentry/node/build/cjs/index.js
./node_modules/.pnpm/@sentry+nextjs@8.55.0_@open_a4b6d351c8817302ef21538c369c886d/node_modules/@sentry/nextjs/build/cjs/index.server.js
./src/services/media/queue/MediaSyncQueue.ts
./src/services/media/MediaService.ts
./src/services/media/index.ts
./src/app/api/admin/users/route.ts

./node_modules/.pnpm/handlebars@4.7.8/node_modules/handlebars/lib/index.js
require.extensions is not supported by webpack. Use a loader instead.

Import trace for requested module:
./node_modules/.pnpm/handlebars@4.7.8/node_modules/handlebars/lib/index.js
./src/utils/email.ts
./src/app/api/email/send/route.ts

./node_modules/.pnpm/handlebars@4.7.8/node_modules/handlebars/lib/index.js
require.extensions is not supported by webpack. Use a loader instead.

Import trace for requested module:
./node_modules/.pnpm/handlebars@4.7.8/node_modules/handlebars/lib/index.js
./src/utils/email.ts
./src/app/api/email/send/route.ts

./node_modules/.pnpm/handlebars@4.7.8/node_modules/handlebars/lib/index.js
require.extensions is not supported by webpack. Use a loader instead.

Import trace for requested module:
./node_modules/.pnpm/handlebars@4.7.8/node_modules/handlebars/lib/index.js
./src/utils/email.ts
./src/app/api/email/send/route.ts

./node_modules/.pnpm/require-in-the-middle@7.5.2/node_modules/require-in-the-middle/index.js
Critical dependency: require function is used in a way in which dependencies cannot be statically extracted

Import trace for requested module:
./node_modules/.pnpm/require-in-the-middle@7.5.2/node_modules/require-in-the-middle/index.js
./node_modules/.pnpm/@opentelemetry+instrumentat_04f370d515cee0be955272f826166073/node_modules/@opentelemetry/instrumentation/build/esm/platform/node/instrumentation.js
./node_modules/.pnpm/@opentelemetry+instrumentat_04f370d515cee0be955272f826166073/node_modules/@opentelemetry/instrumentation/build/esm/platform/node/index.js
./node_modules/.pnpm/@opentelemetry+instrumentat_04f370d515cee0be955272f826166073/node_modules/@opentelemetry/instrumentation/build/esm/platform/index.js
./node_modules/.pnpm/@opentelemetry+instrumentat_04f370d515cee0be955272f826166073/node_modules/@opentelemetry/instrumentation/build/esm/index.js
./node_modules/.pnpm/@sentry+node@8.55.0/node_modules/@sentry/node/build/cjs/integrations/node-fetch.js
./node_modules/.pnpm/@sentry+node@8.55.0/node_modules/@sentry/node/build/cjs/index.js
./node_modules/.pnpm/@sentry+nextjs@8.55.0_@open_a4b6d351c8817302ef21538c369c886d/node_modules/@sentry/nextjs/build/cjs/index.server.js
./src/services/media/queue/MediaSyncQueue.ts
./src/services/media/MediaService.ts
./src/services/media/index.ts
./src/app/api/admin/users/route.ts

   Skipping linting
   Checking validity of types ...
Failed to compile.

./src/lib/rate-limit/services/RateLimitEngine.ts:1118:9
Type error: Property 'cleanupBlocks' in type 'RateLimitEngine' is not assignable to the same property in base type 'RateLimitEngine'.
  Type '(params?: CleanupBlocksParams) => Promise<{ wouldDelete: number; dryRun: boolean; deleted?: undefined; blocks?: undefined; } | { deleted: number; blocks: { id: string; module: string; }[]; wouldDelete?: undefined; dryRun?: undefined; }>' is not assignable to type '(params?: CleanupBlocksParams | undefined) => Promise<{ deleted?: number | undefined; wouldDelete?: number | undefined; dryRun?: boolean | undefined; blocks: { id: string; module: string; }[]; }>'.
    Type 'Promise<{ wouldDelete: number; dryRun: boolean; deleted?: undefined; blocks?: undefined; } | { deleted: number; blocks: { id: string; module: string; }[]; wouldDelete?: undefined; dryRun?: undefined; }>' is not assignable to type 'Promise<{ deleted?: number | undefined; wouldDelete?: number | undefined; dryRun?: boolean | undefined; blocks: { id: string; module: string; }[]; }>'.
      Type '{ wouldDelete: number; dryRun: boolean; deleted?: undefined; blocks?: undefined; } | { deleted: number; blocks: { id: string; module: string; }[]; wouldDelete?: undefined; dryRun?: undefined; }' is not assignable to type '{ deleted?: number | undefined; wouldDelete?: number | undefined; dryRun?: boolean | undefined; blocks: { id: string; module: string; }[]; }'.
        Type '{ wouldDelete: number; dryRun: boolean; deleted?: undefined; blocks?: undefined; }' is not assignable to type '{ deleted?: number | undefined; wouldDelete?: number | undefined; dryRun?: boolean | undefined; blocks: { id: string; module: string; }[]; }'.
          Types of property 'blocks' are incompatible.
            Type 'undefined' is not assignable to type '{ id: string; module: string; }[]'.

[0m [90m 1116 |[39m [90m   * Cleanup expired or old blocks[39m[0m
[0m [90m 1117 |[39m [90m   */[39m[0m
[0m[31m[1m>[22m[39m[90m 1118 |[39m   [36masync[39m cleanupBlocks(params[33m:[39m [33mCleanupBlocksParams[39m [33m=[39m {}) {[0m
[0m [90m      |[39m         [31m[1m^[22m[39m[0m
[0m [90m 1119 |[39m     [36mconst[39m andConditions[33m:[39m [33mPrisma[39m[33m.[39m[33mUserBlockWhereInput[39m[] [33m=[39m [][0m
[0m [90m 1120 |[39m[0m
[0m [90m 1121 |[39m     [36mif[39m (params[33m.[39mmodule) {[0m
 ELIFECYCLE  Command failed with exit code 1.
