
> materio-mui-nextjs-admin-template@5.0.0 build C:\laragon\www\materionextjs\typescript-version\full-version
> next build

   ▲ Next.js 15.1.2
   - Environments: .env.local, .env

   Creating an optimized production build ...
 ⚠ Compiled with warnings

./node_modules/.pnpm/@opentelemetry+instrumentat_04f370d515cee0be955272f826166073/node_modules/@opentelemetry/instrumentation/build/esm/platform/node/instrumentation.js
Critical dependency: the request of a dependency is an expression

Import trace for requested module:
./node_modules/.pnpm/@opentelemetry+instrumentat_04f370d515cee0be955272f826166073/node_modules/@opentelemetry/instrumentation/build/esm/platform/node/instrumentation.js
./node_modules/.pnpm/@opentelemetry+instrumentat_04f370d515cee0be955272f826166073/node_modules/@opentelemetry/instrumentation/build/esm/platform/node/index.js
./node_modules/.pnpm/@opentelemetry+instrumentat_04f370d515cee0be955272f826166073/node_modules/@opentelemetry/instrumentation/build/esm/platform/index.js
./node_modules/.pnpm/@opentelemetry+instrumentat_04f370d515cee0be955272f826166073/node_modules/@opentelemetry/instrumentation/build/esm/index.js
./node_modules/.pnpm/@sentry+opentelemetry@8.55._a7eee88a1e264f514a0f6a5d5024fa3e/node_modules/@sentry/opentelemetry/build/cjs/index.js
./node_modules/.pnpm/@sentry+nextjs@8.55.0_@open_a4b6d351c8817302ef21538c369c886d/node_modules/@sentry/nextjs/build/cjs/server/index.js
./node_modules/.pnpm/@sentry+nextjs@8.55.0_@open_a4b6d351c8817302ef21538c369c886d/node_modules/@sentry/nextjs/build/cjs/index.server.js
./src/services/media/queue/MediaSyncQueue.ts
./src/services/media/MediaService.ts
./src/services/media/index.ts
./src/app/api/admin/media/route.ts

./node_modules/.pnpm/handlebars@4.7.8/node_modules/handlebars/lib/index.js
require.extensions is not supported by webpack. Use a loader instead.

Import trace for requested module:
./node_modules/.pnpm/handlebars@4.7.8/node_modules/handlebars/lib/index.js
./src/utils/email.ts
./src/app/api/email/send/route.ts

./node_modules/.pnpm/handlebars@4.7.8/node_modules/handlebars/lib/index.js
require.extensions is not supported by webpack. Use a loader instead.

Import trace for requested module:
./node_modules/.pnpm/handlebars@4.7.8/node_modules/handlebars/lib/index.js
./src/utils/email.ts
./src/app/api/email/send/route.ts

./node_modules/.pnpm/handlebars@4.7.8/node_modules/handlebars/lib/index.js
require.extensions is not supported by webpack. Use a loader instead.

Import trace for requested module:
./node_modules/.pnpm/handlebars@4.7.8/node_modules/handlebars/lib/index.js
./src/utils/email.ts
./src/app/api/email/send/route.ts

./node_modules/.pnpm/require-in-the-middle@7.5.2/node_modules/require-in-the-middle/index.js
Critical dependency: require function is used in a way in which dependencies cannot be statically extracted

Import trace for requested module:
./node_modules/.pnpm/require-in-the-middle@7.5.2/node_modules/require-in-the-middle/index.js
./node_modules/.pnpm/@opentelemetry+instrumentat_04f370d515cee0be955272f826166073/node_modules/@opentelemetry/instrumentation/build/esm/platform/node/instrumentation.js
./node_modules/.pnpm/@opentelemetry+instrumentat_04f370d515cee0be955272f826166073/node_modules/@opentelemetry/instrumentation/build/esm/platform/node/index.js
./node_modules/.pnpm/@opentelemetry+instrumentat_04f370d515cee0be955272f826166073/node_modules/@opentelemetry/instrumentation/build/esm/platform/index.js
./node_modules/.pnpm/@opentelemetry+instrumentat_04f370d515cee0be955272f826166073/node_modules/@opentelemetry/instrumentation/build/esm/index.js
./node_modules/.pnpm/@sentry+opentelemetry@8.55._a7eee88a1e264f514a0f6a5d5024fa3e/node_modules/@sentry/opentelemetry/build/cjs/index.js
./node_modules/.pnpm/@sentry+nextjs@8.55.0_@open_a4b6d351c8817302ef21538c369c886d/node_modules/@sentry/nextjs/build/cjs/server/index.js
./node_modules/.pnpm/@sentry+nextjs@8.55.0_@open_a4b6d351c8817302ef21538c369c886d/node_modules/@sentry/nextjs/build/cjs/index.server.js
./src/services/media/queue/MediaSyncQueue.ts
./src/services/media/MediaService.ts
./src/services/media/index.ts
./src/app/api/admin/media/route.ts

   Skipping linting
   Checking validity of types ...
Failed to compile.

./src/components/accounts/AccountForm.tsx:40:12
Type error: 'AccountType' cannot be used as a value because it was imported using 'import type'.

[0m [90m 38 |[39m [36mconst[39m accountTypes[33m:[39m { value[33m:[39m [33mAccountType[39m[33m;[39m label[33m:[39m string[33m;[39m description[33m:[39m string }[] [33m=[39m [[0m
[0m [90m 39 |[39m   {[0m
[0m[31m[1m>[22m[39m[90m 40 |[39m     value[33m:[39m [33mAccountType[39m[33m.[39m[33mLISTING[39m[33m,[39m[0m
[0m [90m    |[39m            [31m[1m^[22m[39m[0m
[0m [90m 41 |[39m     label[33m:[39m [32m'Для объявлений'[39m[33m,[39m[0m
[0m [90m 42 |[39m     description[33m:[39m [32m'Публикация и управление объявлениями'[39m[0m
[0m [90m 43 |[39m   }[33m,[39m[0m
 ELIFECYCLE  Command failed with exit code 1.
