
> materio-mui-nextjs-admin-template@5.0.0 build C:\laragon\www\materionextjs\typescript-version\full-version
> next build

   ▲ Next.js 15.1.2
   - Environments: .env.local, .env

   Creating an optimized production build ...
 ⚠ Compiled with warnings

./node_modules/.pnpm/@opentelemetry+instrumentat_04f370d515cee0be955272f826166073/node_modules/@opentelemetry/instrumentation/build/esm/platform/node/instrumentation.js
Critical dependency: the request of a dependency is an expression

Import trace for requested module:
./node_modules/.pnpm/@opentelemetry+instrumentat_04f370d515cee0be955272f826166073/node_modules/@opentelemetry/instrumentation/build/esm/platform/node/instrumentation.js
./node_modules/.pnpm/@opentelemetry+instrumentat_04f370d515cee0be955272f826166073/node_modules/@opentelemetry/instrumentation/build/esm/platform/node/index.js
./node_modules/.pnpm/@opentelemetry+instrumentat_04f370d515cee0be955272f826166073/node_modules/@opentelemetry/instrumentation/build/esm/platform/index.js
./node_modules/.pnpm/@opentelemetry+instrumentat_04f370d515cee0be955272f826166073/node_modules/@opentelemetry/instrumentation/build/esm/index.js
./node_modules/.pnpm/@sentry+node@8.55.0/node_modules/@sentry/node/build/cjs/integrations/node-fetch.js
./node_modules/.pnpm/@sentry+node@8.55.0/node_modules/@sentry/node/build/cjs/index.js
./node_modules/.pnpm/@sentry+nextjs@8.55.0_@open_a4b6d351c8817302ef21538c369c886d/node_modules/@sentry/nextjs/build/cjs/index.server.js
./src/services/media/queue/MediaSyncQueue.ts
./src/services/media/MediaService.ts
./src/services/media/index.ts
./src/app/api/admin/media/route.ts

./node_modules/.pnpm/handlebars@4.7.8/node_modules/handlebars/lib/index.js
require.extensions is not supported by webpack. Use a loader instead.

Import trace for requested module:
./node_modules/.pnpm/handlebars@4.7.8/node_modules/handlebars/lib/index.js
./src/utils/email.ts
./src/app/api/email/send/route.ts

./node_modules/.pnpm/handlebars@4.7.8/node_modules/handlebars/lib/index.js
require.extensions is not supported by webpack. Use a loader instead.

Import trace for requested module:
./node_modules/.pnpm/handlebars@4.7.8/node_modules/handlebars/lib/index.js
./src/utils/email.ts
./src/app/api/email/send/route.ts

./node_modules/.pnpm/handlebars@4.7.8/node_modules/handlebars/lib/index.js
require.extensions is not supported by webpack. Use a loader instead.

Import trace for requested module:
./node_modules/.pnpm/handlebars@4.7.8/node_modules/handlebars/lib/index.js
./src/utils/email.ts
./src/app/api/email/send/route.ts

./node_modules/.pnpm/require-in-the-middle@7.5.2/node_modules/require-in-the-middle/index.js
Critical dependency: require function is used in a way in which dependencies cannot be statically extracted

Import trace for requested module:
./node_modules/.pnpm/require-in-the-middle@7.5.2/node_modules/require-in-the-middle/index.js
./node_modules/.pnpm/@opentelemetry+instrumentat_04f370d515cee0be955272f826166073/node_modules/@opentelemetry/instrumentation/build/esm/platform/node/instrumentation.js
./node_modules/.pnpm/@opentelemetry+instrumentat_04f370d515cee0be955272f826166073/node_modules/@opentelemetry/instrumentation/build/esm/platform/node/index.js
./node_modules/.pnpm/@opentelemetry+instrumentat_04f370d515cee0be955272f826166073/node_modules/@opentelemetry/instrumentation/build/esm/platform/index.js
./node_modules/.pnpm/@opentelemetry+instrumentat_04f370d515cee0be955272f826166073/node_modules/@opentelemetry/instrumentation/build/esm/index.js
./node_modules/.pnpm/@sentry+node@8.55.0/node_modules/@sentry/node/build/cjs/integrations/node-fetch.js
./node_modules/.pnpm/@sentry+node@8.55.0/node_modules/@sentry/node/build/cjs/index.js
./node_modules/.pnpm/@sentry+nextjs@8.55.0_@open_a4b6d351c8817302ef21538c369c886d/node_modules/@sentry/nextjs/build/cjs/index.server.js
./src/services/media/queue/MediaSyncQueue.ts
./src/services/media/MediaService.ts
./src/services/media/index.ts
./src/app/api/admin/media/route.ts

   Skipping linting
   Checking validity of types ...
Failed to compile.

./src/app/api/user/profile/route.ts:123:7
Type error: Type '{ country?: string | null | undefined; currency?: string | null | undefined; language?: string | null | undefined; email?: string | undefined; name?: string | undefined; }' is not assignable to type '(Without<UserUpdateInput, UserUncheckedUpdateInput> & UserUncheckedUpdateInput) | (Without<...> & UserUpdateInput)'.
  Type '{ country?: string | null | undefined; currency?: string | null | undefined; language?: string | null | undefined; email?: string | undefined; name?: string | undefined; }' is not assignable to type 'Without<UserUncheckedUpdateInput, UserUpdateInput> & UserUpdateInput'.
    Type '{ country?: string | null | undefined; currency?: string | null | undefined; language?: string | null | undefined; email?: string | undefined; name?: string | undefined; }' is not assignable to type 'UserUpdateInput'.
      Types of property 'language' are incompatible.
        Type 'string | null | undefined' is not assignable to type 'string | StringFieldUpdateOperationsInput | undefined'.
          Type 'null' is not assignable to type 'string | StringFieldUpdateOperationsInput | undefined'.

[0m [90m 121 |[39m     [36mconst[39m updatedUser [33m=[39m [36mawait[39m prisma[33m.[39muser[33m.[39mupdate({[0m
[0m [90m 122 |[39m       where[33m:[39m { id[33m:[39m currentUser[33m.[39mid }[33m,[39m[0m
[0m[31m[1m>[22m[39m[90m 123 |[39m       data[33m:[39m {[0m
[0m [90m     |[39m       [31m[1m^[22m[39m[0m
[0m [90m 124 |[39m         [33m...[39m(validatedData[33m.[39mname [33m&&[39m { name[33m:[39m validatedData[33m.[39mname })[33m,[39m[0m
[0m [90m 125 |[39m         [33m...[39m(validatedData[33m.[39memail [33m&&[39m { email[33m:[39m validatedData[33m.[39memail })[33m,[39m[0m
[0m [90m 126 |[39m         [33m...[39m(validatedData[33m.[39mlanguage [33m!==[39m undefined [33m&&[39m { language[33m:[39m validatedData[33m.[39mlanguage })[33m,[39m[0m
 ELIFECYCLE  Command failed with exit code 1.
